<?xml version="1.0" encoding="UTF-8"?>
<!-- Generated by org.testng.reporters.JUnitReportReporter -->
<testsuite hostname="Lakshmis-MacBook-Pro.local" failures="0" tests="3" name="com.testing.testng.DataProviderTest" time="0.011" errors="0" timestamp="2023-06-01T14:42:33 MST" skipped="0">
  <testcase classname="com.testing.testng.DataProviderTest" name="calculate" time="0.001"/>
  <system-out/>
  <testcase classname="com.testing.testng.DataProviderTest" name="calculate" time="0.009"/>
  <system-out/>
  <testcase classname="com.testing.testng.DataProviderTest" name="calculate" time="0.001"/>
  <system-out/>
</testsuite> <!-- com.testing.testng.DataProviderTest -->
