<?xml version="1.0" encoding="UTF-8"?>
<!-- Generated by org.testng.reporters.JUnitReportReporter -->
<testsuite hostname="Lakshmis-MacBook-Pro.local" failures="0" tests="3" name="com.testing.testng.testNgTestClass1" time="0.007" errors="0" timestamp="2023-05-31T10:09:35 MST" skipped="0">
  <testcase classname="com.testing.testng.testNgTestClass1" name="testMethod1" time="0.005"/>
  <system-out/>
  <testcase classname="com.testing.testng.testNgTestClass1" name="testMethod2" time="0.001"/>
  <system-out/>
  <testcase classname="com.testing.testng.testNgTestClass1" name="testMethod3" time="0.001"/>
  <system-out/>
</testsuite> <!-- com.testing.testng.testNgTestClass1 -->
