<?xml version="1.0" encoding="UTF-8"?>
<!-- Generated by org.testng.reporters.JUnitReportReporter -->
<testsuite hostname="Lakshmis-MacBook-Pro.local" failures="0" tests="3" name="com.testing.testng.DataProviderAssignment" time="9.582" errors="0" timestamp="2023-06-02T07:46:50 MST" skipped="0">
  <testcase classname="com.testing.testng.DataProviderAssignment" name="login" time="2.598"/>
  <system-out/>
  <testcase classname="com.testing.testng.DataProviderAssignment" name="login" time="2.796"/>
  <system-out/>
  <testcase classname="com.testing.testng.DataProviderAssignment" name="login" time="4.188"/>
  <system-out/>
</testsuite> <!-- com.testing.testng.DataProviderAssignment -->
