<?xml version="1.0" encoding="UTF-8"?>
<!-- Generated by org.testng.reporters.JUnitReportReporter -->
<testsuite hostname="Lakshmis-MacBook-Pro.local" failures="0" tests="1" name="com.testing.testNGGrouping.TestNGTest22" time="0.002" errors="0" timestamp="2023-05-31T16:53:26 MST" skipped="0">
  <testcase classname="com.testing.testNGGrouping.TestNGTest22" name="testMethod1" time="0.002"/>
  <system-out/>
</testsuite> <!-- com.testing.testNGGrouping.TestNGTest22 -->
