<?xml version="1.0" encoding="UTF-8"?>
<!-- Generated by org.testng.reporters.JUnitReportReporter -->
<testsuite hostname="Lakshmis-MacBook-Pro.local" failures="0" tests="3" name="com.testing.testng.TestNGTestTwo" time="0.003" errors="0" timestamp="2023-05-31T10:09:35 MST" skipped="0">
  <testcase classname="com.testing.testng.TestNGTestTwo" name="testMethod3" time="0.001"/>
  <system-out/>
  <testcase classname="com.testing.testng.TestNGTestTwo" name="testMethod2" time="0.002"/>
  <system-out/>
  <testcase classname="com.testing.testng.TestNGTestTwo" name="testMethod1" time="0.000"/>
  <system-out/>
</testsuite> <!-- com.testing.testng.TestNGTestTwo -->
